------------------------------------------------------------------------
                       CHEMKIN to SpeedCHEM link
------------------------------------------------------------------------

 Reading mechanism input from:             chem.bin

 CKII version: 3.9 ; precision: DOUBLE    

 Number of elements :     4
 Number of species  :    29
 Number of reactions:    52


 Element   Atomic weight (AMU)
 -----------------------------
  1. h            1.00797
  2. c           12.01115
  3. o           15.99940
  4. n           14.00670


 Species and atomic weights [g/mol] 
 ----------------------------------------
     1. nc7h16              100.20557
     2. o2                   31.99880
     3. n2                   28.01340
     4. co2                  44.00995
     5. h2o                  18.01534
     6. co                   28.01055
     7. h2                    2.01594
     8. oh                   17.00737
     9. h2o2                 34.01474
    10. ho2                  33.00677
    11. h                     1.00797
    12. o                    15.99940
    13. ch3o                 31.03446
    14. ch2o                 30.02649
    15. hco                  29.01852
    16. ch2                  14.02709
    17. ch3                  15.03506
    18. ch4                  16.04303
    19. c2h3                 27.04621
    20. c2h4                 28.05418
    21. c2h5                 29.06215
    22. c3h4                 40.06533
    23. c3h5                 41.07330
    24. c3h6                 42.08127
    25. c3h7                 43.08924
    26. c7h15-2              99.19760
    27. c7h15o2             131.19640
    28. c7ket12             146.18783
    29. c5h11co              99.15397

 Thermodynamic database data for species
 ---------------------------------------------------------------------------------------
 nrecords           29
 nc7h16            
 HI TEMP
    2.221489690000E+01    3.476757500000E-02   -1.184071290000E-05    1.832984780000E-09
   -1.061302660000E-13   -3.427600810000E+04   -9.230401960000E+01
 TSWITCH   1391.0000000000000     
   -1.268361870000E+00    8.543558200000E-02   -5.253467860000E-05    1.629457210000E-08
   -2.023949250000E-12   -2.565865650000E+04    3.537329120000E+01
 o2                
 HI TEMP
    3.697578000000E+00    6.135197000000E-04   -1.258842000000E-07    1.775281000000E-11
   -1.136435000000E-15   -1.233930000000E+03    3.189166000000E+00
 TSWITCH   1000.0000000000000     
    3.212936000000E+00    1.127486000000E-03   -5.756150000000E-07    1.313877000000E-09
   -8.768554000000E-13   -1.005249000000E+03    6.034738000000E+00
 n2                
 HI TEMP
    2.926640000000E+00    1.487977000000E-03   -5.684761000000E-07    1.009704000000E-10
   -6.753351000000E-15   -9.227977000000E+02    5.980528000000E+00
 TSWITCH   1000.0000000000000     
    3.298677000000E+00    1.408240000000E-03   -3.963222000000E-06    5.641515000000E-09
   -2.444855000000E-12   -1.020900000000E+03    3.950372000000E+00
 co2               
 HI TEMP
    4.453623000000E+00    3.140169000000E-03   -1.278411000000E-06    2.393997000000E-10
   -1.669033000000E-14   -4.896696000000E+04   -9.553959000000E-01
 TSWITCH   1000.0000000000000     
    2.275725000000E+00    9.922072000000E-03   -1.040911000000E-05    6.866687000000E-09
   -2.117280000000E-12   -4.837314000000E+04    1.018849000000E+01
 h2o               
 HI TEMP
    2.672146000000E+00    3.056293000000E-03   -8.730260000000E-07    1.200996000000E-10
   -6.391618000000E-15   -2.989921000000E+04    6.862817000000E+00
 TSWITCH   1000.0000000000000     
    3.386842000000E+00    3.474982000000E-03   -6.354696000000E-06    6.968581000000E-09
   -2.506588000000E-12   -3.020811000000E+04    2.590233000000E+00
 co                
 HI TEMP
    3.025078000000E+00    1.442689000000E-03   -5.630828000000E-07    1.018581000000E-10
   -6.910952000000E-15   -1.426835000000E+04    6.108218000000E+00
 TSWITCH   1000.0000000000000     
    3.262452000000E+00    1.511941000000E-03   -3.881755000000E-06    5.581944000000E-09
   -2.474951000000E-12   -1.431054000000E+04    4.848897000000E+00
 h2                
 HI TEMP
    2.991423000000E+00    7.000644000000E-04   -5.633829000000E-08   -9.231578000000E-12
    1.582752000000E-15   -8.350340000000E+02   -1.355110000000E+00
 TSWITCH   1000.0000000000000     
    3.298124000000E+00    8.249442000000E-04   -8.143015000000E-07   -9.475434000000E-11
    4.134872000000E-13   -1.012521000000E+03   -3.294094000000E+00
 oh                
 HI TEMP
    2.882730000000E+00    1.013974000000E-03   -2.276877000000E-07    2.174684000000E-11
   -5.126305000000E-16    3.886888000000E+03    5.595712000000E+00
 TSWITCH   1000.0000000000000     
    3.637266000000E+00    1.850910000000E-04   -1.676165000000E-06    2.387203000000E-09
   -8.431442000000E-13    3.606782000000E+03    1.358860000000E+00
 h2o2              
 HI TEMP
    4.573167000000E+00    4.336136000000E-03   -1.474689000000E-06    2.348904000000E-10
   -1.431654000000E-14   -1.800696000000E+04    5.011370000000E-01
 TSWITCH   1000.0000000000000     
    3.388754000000E+00    6.569226000000E-03   -1.485013000000E-07   -4.625806000000E-09
    2.471515000000E-12   -1.766315000000E+04    6.785363000000E+00
 ho2               
 HI TEMP
    4.072191000000E+00    2.131296000000E-03   -5.308145000000E-07    6.112269000000E-11
   -2.841165000000E-15   -1.579727000000E+02    3.476029000000E+00
 TSWITCH   1000.0000000000000     
    2.979963000000E+00    4.996697000000E-03   -3.790997000000E-06    2.354192000000E-09
   -8.089024000000E-13    1.762274000000E+02    9.222724000000E+00
 h                 
 HI TEMP
    2.500000000000E+00    0.000000000000E+00    0.000000000000E+00    0.000000000000E+00
    0.000000000000E+00    2.547163000000E+04   -4.601176000000E-01
 TSWITCH   1000.0000000000000     
    2.500000000000E+00    0.000000000000E+00    0.000000000000E+00    0.000000000000E+00
    0.000000000000E+00    2.547163000000E+04   -4.601176000000E-01
 o                 
 HI TEMP
    2.542060000000E+00   -2.755062000000E-05   -3.102803000000E-09    4.551067000000E-12
   -4.368052000000E-16    2.923080000000E+04    4.920308000000E+00
 TSWITCH   1000.0000000000000     
    2.946429000000E+00   -1.638166000000E-03    2.421032000000E-06   -1.602843000000E-09
    3.890696000000E-13    2.914764000000E+04    2.963995000000E+00
 ch3o              
 HI TEMP
    3.770800000000E+00    7.871497000000E-03   -2.656384000000E-06    3.944431000000E-10
   -2.112616000000E-14    1.278325000000E+02    2.929575000000E+00
 TSWITCH   1000.0000000000000     
    2.106204000000E+00    7.216595000000E-03    5.338472000000E-06   -7.377636000000E-09
    2.075611000000E-12    9.786011000000E+02    1.315218000000E+01
 ch2o              
 HI TEMP
    2.995606000000E+00    6.681321000000E-03   -2.628955000000E-06    4.737153000000E-10
   -3.212517000000E-14   -1.532037000000E+04    6.912572000000E+00
 TSWITCH   1000.0000000000000     
    1.652731000000E+00    1.263144000000E-02   -1.888168000000E-05    2.050031000000E-08
   -8.413237000000E-12   -1.486540000000E+04    1.378482000000E+01
 hco               
 HI TEMP
    3.557271000000E+00    3.345573000000E-03   -1.335006000000E-06    2.470573000000E-10
   -1.713851000000E-14    3.916324000000E+03    5.552299000000E+00
 TSWITCH   1000.0000000000000     
    2.898330000000E+00    6.199147000000E-03   -9.623084000000E-06    1.089825000000E-08
   -4.574885000000E-12    4.159922000000E+03    8.983614000000E+00
 ch2               
 HI TEMP
    3.636408000000E+00    1.933057000000E-03   -1.687016000000E-07   -1.009899000000E-10
    1.808256000000E-14    4.534134000000E+04    2.156561000000E+00
 TSWITCH   1000.0000000000000     
    3.762237000000E+00    1.159819000000E-03    2.489585000000E-07    8.800836000000E-10
   -7.332435000000E-13    4.536791000000E+04    1.712578000000E+00
 ch3               
 HI TEMP
    2.844052000000E+00    6.137974000000E-03   -2.230345000000E-06    3.785161000000E-10
   -2.452159000000E-14    1.643781000000E+04    5.452697000000E+00
 TSWITCH   1000.0000000000000     
    2.430443000000E+00    1.112410000000E-02   -1.680220000000E-05    1.621829000000E-08
   -5.864953000000E-12    1.642378000000E+04    6.789794000000E+00
 ch4               
 HI TEMP
    1.683479000000E+00    1.023724000000E-02   -3.875129000000E-06    6.785585000000E-10
   -4.503423000000E-14   -1.008079000000E+04    9.623395000000E+00
 TSWITCH   1000.0000000000000     
    7.787415000000E-01    1.747668000000E-02   -2.783409000000E-05    3.049708000000E-08
   -1.223931000000E-11   -9.825229000000E+03    1.372219000000E+01
 c2h3              
 HI TEMP
    5.933468000000E+00    4.017746000000E-03   -3.966740000000E-07   -1.441267000000E-10
    2.378644000000E-14    3.185435000000E+04   -8.530313000000E+00
 TSWITCH   1000.0000000000000     
    2.459276000000E+00    7.371476000000E-03    2.109873000000E-06   -1.321642000000E-09
   -1.184784000000E-12    3.335225000000E+04    1.155620000000E+01
 c2h4              
 HI TEMP
    3.528419000000E+00    1.148518000000E-02   -4.418385000000E-06    7.844601000000E-10
   -5.266848000000E-14    4.428289000000E+03    2.230389000000E+00
 TSWITCH   1000.0000000000000     
   -8.614880000000E-01    2.796163000000E-02   -3.388677000000E-05    2.785152000000E-08
   -9.737879000000E-12    5.573046000000E+03    2.421149000000E+01
 c2h5              
 HI TEMP
    7.190480000000E+00    6.484077000000E-03   -6.428065000000E-07   -2.347879000000E-10
    3.880877000000E-14    1.067455000000E+04   -1.478089000000E+01
 TSWITCH   1000.0000000000000     
    2.690702000000E+00    8.719133000000E-03    4.419839000000E-06    9.338703000000E-10
   -3.927773000000E-12    1.287040000000E+04    1.213820000000E+01
 c3h4              
 HI TEMP
    6.316948690000E+00    1.113362620000E-02   -3.962890180000E-06    6.356337750000E-10
   -3.787498850000E-14    2.011746170000E+04   -1.097188620000E+01
 TSWITCH   1000.0000000000000     
    2.613074870000E+00    1.212233710000E-02    1.854054000000E-05   -3.452584750000E-08
    1.533533890000E-11    2.154156420000E+04    1.025033190000E+01
 c3h5              
 HI TEMP
    6.547611320000E+00    1.331522460000E-02   -4.783331000000E-06    7.719498140000E-10
   -4.619308080000E-14    1.727147070000E+04   -9.274868410000E+00
 TSWITCH   1000.0000000000000     
    3.787946930000E+00    9.484143350000E-03    2.423433680000E-05   -3.656040100000E-08
    1.485923560000E-11    1.862612180000E+04    7.828224990000E+00
 c3h6              
 HI TEMP
    8.015959580000E+00    1.370236340000E-02   -4.662497330000E-06    7.212544020000E-10
   -4.173701260000E-14   -1.878212710000E+03   -2.001606680000E+01
 TSWITCH   1388.0000000000000     
    3.946154440000E-01    2.891076620000E-02   -1.548868080000E-05    3.888142090000E-09
   -3.378903520000E-13    1.066881640000E+03    2.190037360000E+01
 c3h7              
 HI TEMP
    7.702698700000E+00    1.604420300000E-02   -5.283322000000E-06    7.629859000000E-10
   -3.939228400000E-14    8.298433600000E+03   -1.548018000000E+01
 TSWITCH   1000.0000000000000     
    1.051551800000E+00    2.599198000000E-02    2.380054000000E-06   -1.960956900000E-08
    9.373247000000E-12    1.063186300000E+04    2.112255900000E+01
 c7h15-2           
 HI TEMP
    2.163688420000E+01    3.233248040000E-02   -1.092738070000E-05    1.683570600000E-09
   -9.717740910000E-14   -1.058736160000E+04   -8.522096530000E+01
 TSWITCH   1382.0000000000000     
   -3.791557670000E-02    7.567265700000E-02   -4.074736340000E-05    9.326789430000E-09
   -4.923607450000E-13   -2.356053030000E+03    3.373215060000E+01
 c7h15o2           
 HI TEMP
    2.490236890000E+01    3.507169200000E-02   -1.204403060000E-05    1.874648220000E-09
   -1.089477910000E-13   -2.829760500000E+04   -9.739235420000E+01
 TSWITCH   1390.0000000000000     
    2.374993340000E+00    8.346519060000E-02   -5.138973200000E-05    1.642176620000E-08
   -2.195052160000E-12   -1.992379610000E+04    2.530673420000E+01
 c7ket12           
 HI TEMP
    2.974729060000E+01    3.066222940000E-02   -1.055635900000E-05    1.646273430000E-09
   -9.581716750000E-14   -5.668568280000E+04   -1.224324900000E+02
 TSWITCH   1396.0000000000000     
    5.824336970000E-01    1.012078690000E-01   -7.658559960000E-05    3.007386060000E-08
   -4.829027920000E-12   -4.680544190000E+04    3.333314490000E+01
 c5h11co           
 HI TEMP
    1.947838120000E+01    2.504660290000E-02   -8.548613460000E-06    1.325579440000E-09
   -7.685032960000E-14   -2.079239370000E+04   -7.219955780000E+01
 TSWITCH   1383.0000000000000     
    2.144790690000E+00    6.178635630000E-02   -3.741346900000E-05    1.132837950000E-08
   -1.369176980000E-12   -1.434511720000E+04    2.231280450000E+01

